<?xml version="1.0" encoding="utf-8"?><testsuites name="pytest tests"><testsuite name="pytest" errors="0" failures="0" skipped="0" tests="27" time="48.126" timestamp="2026-05-23T13:00:34.304669+00:00" hostname="agent-env-4123b9c7-d40e-4e7e-a908-637911ca54c8"><testcase classname="backend.tests.backend_test.TestHealth" name="test_health_ok" time="0.245" /><testcase classname="backend.tests.backend_test.TestAuth" name="test_register_new_user" time="0.280" /><testcase classname="backend.tests.backend_test.TestAuth" name="test_login_demo" time="0.277" /><testcase classname="backend.tests.backend_test.TestAuth" name="test_login_invalid" time="0.272" /><testcase classname="backend.tests.backend_test.TestAuth" name="test_me_with_token" time="0.318" /><testcase classname="backend.tests.backend_test.TestAuth" name="test_me_without_token" time="0.044" /><testcase classname="backend.tests.backend_test.TestJobsSearch" name="test_search_default" time="0.354" /><testcase classname="backend.tests.backend_test.TestJobsSearch" name="test_search_query_filter_python" time="0.252" /><testcase classname="backend.tests.backend_test.TestJobsSearch" name="test_search_single_source" time="0.156" /><testcase classname="backend.tests.backend_test.TestProfile" name="test_get_profile" time="0.043" /><testcase classname="backend.tests.backend_test.TestProfile" name="test_update_profile_persists" time="0.145" /><testcase classname="backend.tests.backend_test.TestSavedJobs" name="test_full_crud_flow" time="0.359" /><testcase classname="backend.tests.backend_test.TestAI" name="test_ai_match" time="9.051" /><testcase classname="backend.tests.backend_test.TestAI" name="test_ai_cover_letter" time="8.386" /><testcase classname="backend.tests.backend_test.TestAIRank" name="test_rank_returns_scores_for_all_jobs" time="4.028" /><testcase classname="backend.tests.backend_test.TestAIRank" name="test_rank_empty_jobs" time="0.046" /><testcase classname="backend.tests.backend_test.TestAIRank" name="test_rank_requires_auth" time="0.044" /><testcase classname="backend.tests.backend_test.TestJobsImport" name="test_import_non_wellfound_url" time="0.047" /><testcase classname="backend.tests.backend_test.TestJobsImport" name="test_import_empty_url" time="0.044" /><testcase classname="backend.tests.backend_test.TestJobsImport" name="test_import_real_wellfound_url_blocked_or_ok" time="0.158" /><testcase classname="backend.tests.backend_test.TestJobsImport" name="test_import_requires_auth" time="0.043" /><testcase classname="backend.tests.backend_test.TestProfilePDFImport" name="test_import_pdf_requires_auth" time="0.119" /><testcase classname="backend.tests.backend_test.TestProfilePDFImport" name="test_import_pdf_rejects_non_pdf" time="0.426" /><testcase classname="backend.tests.backend_test.TestProfilePDFImport" name="test_import_pdf_rejects_tiny_file" time="0.121" /><testcase classname="backend.tests.backend_test.TestProfilePDFImport" name="test_import_pdf_valid_extracts_profile" time="22.648" /><testcase classname="backend.tests.backend_test.TestExport" name="test_export_requires_auth" time="0.045" /><testcase classname="backend.tests.backend_test.TestExport" name="test_export_returns_full_payload" time="0.048" /></testsuite></testsuites>