<?xml version="1.0" encoding="utf-8"?><testsuites name="pytest tests"><testsuite name="pytest" errors="0" failures="0" skipped="0" tests="21" time="22.951" timestamp="2026-05-23T12:23:11.228684+00:00" hostname="agent-env-4123b9c7-d40e-4e7e-a908-637911ca54c8"><testcase classname="backend.tests.backend_test.TestHealth" name="test_health_ok" time="0.229" /><testcase classname="backend.tests.backend_test.TestAuth" name="test_register_new_user" time="0.279" /><testcase classname="backend.tests.backend_test.TestAuth" name="test_login_demo" time="0.316" /><testcase classname="backend.tests.backend_test.TestAuth" name="test_login_invalid" time="0.278" /><testcase classname="backend.tests.backend_test.TestAuth" name="test_me_with_token" time="0.316" /><testcase classname="backend.tests.backend_test.TestAuth" name="test_me_without_token" time="0.042" /><testcase classname="backend.tests.backend_test.TestJobsSearch" name="test_search_default" time="0.310" /><testcase classname="backend.tests.backend_test.TestJobsSearch" name="test_search_query_filter_python" time="0.261" /><testcase classname="backend.tests.backend_test.TestJobsSearch" name="test_search_single_source" time="0.158" /><testcase classname="backend.tests.backend_test.TestProfile" name="test_get_profile" time="0.045" /><testcase classname="backend.tests.backend_test.TestProfile" name="test_update_profile_persists" time="0.132" /><testcase classname="backend.tests.backend_test.TestSavedJobs" name="test_full_crud_flow" time="0.324" /><testcase classname="backend.tests.backend_test.TestAI" name="test_ai_match" time="7.363" /><testcase classname="backend.tests.backend_test.TestAI" name="test_ai_cover_letter" time="8.036" /><testcase classname="backend.tests.backend_test.TestAIRank" name="test_rank_returns_scores_for_all_jobs" time="4.364" /><testcase classname="backend.tests.backend_test.TestAIRank" name="test_rank_empty_jobs" time="0.042" /><testcase classname="backend.tests.backend_test.TestAIRank" name="test_rank_requires_auth" time="0.045" /><testcase classname="backend.tests.backend_test.TestJobsImport" name="test_import_non_wellfound_url" time="0.045" /><testcase classname="backend.tests.backend_test.TestJobsImport" name="test_import_empty_url" time="0.045" /><testcase classname="backend.tests.backend_test.TestJobsImport" name="test_import_real_wellfound_url_blocked_or_ok" time="0.174" /><testcase classname="backend.tests.backend_test.TestJobsImport" name="test_import_requires_auth" time="0.042" /></testsuite></testsuites>